[Nix] Disabling updates already done
[Vencord] Starting up...
[Vencord] Loading original Discord app.asar
[[38;2;88;101;242mOpenAsar[0m > Init] OpenAsar 0-unstable-2025-01-20
[[38;2;88;101;242mOpenAsar[0m > Settings] /home/ironlung/.config/discord/settings.json {
  SKIP_HOST_UPDATE: true,
  DANGEROUS_ENABLE_DEVTOOLS_ONLY_ENABLE_IF_YOU_KNOW_WHAT_YOURE_DOING: true,
  MIN_WIDTH: 940,
  MIN_HEIGHT: 500,
  openasar: { setup: true },
  chromiumSwitches: {},
  BACKGROUND_COLOR: '#2d2d32',
  IS_MAXIMIZED: true,
  IS_MINIMIZED: false,
  WINDOW_BOUNDS: { x: 320, y: 256, width: 1280, height: 720 },
  trayBalloonShown: true
}
[[38;2;88;101;242mOpenAsar[0m > BuildInfo] { releaseChannel: 'stable', version: '0.0.89' }
[[38;2;88;101;242mOpenAsar[0m > Modules] Checking
Optional module ./ElectronTestRpc was not included.
[40885:0405/182848.313542:ERROR:ffmpeg_common.cc(970)] Unsupported pixel format: -1
Failed to write renderer settings Error: EROFS: read-only file system, open '/home/ironlung/.config/Vencord/settings/settings.json'
    at writeFileSync (node:fs:2367:20)
    at VencordPatcher:6:4280
    at VencordPatcher:6:3139
    at Set.forEach (<anonymous>)
    at we.markAsChanged (VencordPatcher:6:3128)
    at we.setData (VencordPatcher:6:2746)
    at VencordPatcher:6:4543
    at WebContents.<anonymous> (node:electron/js2c/browser_init:2:88276)
    at WebContents.emit (node:events:518:28) {
  errno: -30,
  code: 'EROFS',
  syscall: 'open',
  path: '/home/ironlung/.config/Vencord/settings/settings.json'
}
Failed to write renderer settings Error: EROFS: read-only file system, open '/home/ironlung/.config/Vencord/settings/settings.json'
    at writeFileSync (node:fs:2367:20)
    at VencordPatcher:6:4280
    at VencordPatcher:6:3139
    at Set.forEach (<anonymous>)
    at we.markAsChanged (VencordPatcher:6:3128)
    at we.setData (VencordPatcher:6:2746)
    at VencordPatcher:6:4543
    at WebContents.<anonymous> (node:electron/js2c/browser_init:2:88276)
    at WebContents.emit (node:events:518:28) {
  errno: -30,
  code: 'EROFS',
  syscall: 'open',
  path: '/home/ironlung/.config/Vencord/settings/settings.json'
}
legacyModuleUpdater: installed-module [object Object] undefined undefined undefined
legacyModuleUpdater: installed-module [object Object] undefined undefined undefined
mainScreen.UpdaterEvents: UPDATER_HISTORY_QUERY_AND_TRUNCATE
[app] null analytics
mainScreen.UpdaterEvents: UPDATER_HISTORY_QUERY_AND_TRUNCATE
mainScreen.UpdaterEvents: UPDATER_HISTORY_QUERY_AND_TRUNCATE
mainScreen.UpdaterEvents: CHECK_FOR_UPDATES UPDATE_NOT_AVAILABLE
[[38;2;88;101;242mOpenAsar[0m > Modules] Checking
legacyModuleUpdater: installed-module [object Object] undefined undefined undefined
mainScreen.UpdaterEvents: UPDATER_HISTORY_QUERY_AND_TRUNCATE
[40913:0405/182850.467118:ERROR:ffmpeg_common.cc(970)] Unsupported pixel format: -1
mainScreen.on(did-finish-load) false false
(node:40832) UnhandledPromiseRejectionWarning: Error: An object could not be cloned.
    at IpcRendererInternal.send (node:electron/js2c/renderer_init:2:11419)
    at IpcRendererInternal.<anonymous> (node:electron/js2c/renderer_init:2:11028)
(Use `discord --trace-warnings ...` to show where the warning was created)
(node:40832) UnhandledPromiseRejectionWarning: Unhandled promise rejection. This error originated either by throwing inside of an async function without a catch block, or by rejecting a promise which was not handled with .catch(). To terminate the node process on unhandled promise rejection, use the CLI flag `--unhandled-rejections=strict` (see https://nodejs.org/api/cli.html#cli_unhandled_rejections_mode). (rejection id: 1)
[[38;2;88;101;242mOpenAsar[0m > AsarUpdate] Removed
[[38;2;88;101;242mOpenAsar[0m > Settings] Saved
[[38;2;88;101;242mOpenAsar[0m > Settings] Saved
